[03/30/23 09:05 오후 ]Both license storage C:\Users\jin\AppData\Roaming\Embarcadero\.licenses\.cg_license and backup file are missing. Will create new ones.
[03/30/23 09:05 오후 ]----------------------------------------
[03/30/23 09:05 오후 ]Operating System: Windows
[03/30/23 09:05 오후 ]Current User: jin
[03/30/23 09:05 오후 ]System Registration Key: 7511039
[03/30/23 09:05 오후 ]User Lock: c:\users\jinjin
[03/30/23 09:05 오후 ]
[03/30/23 09:05 오후 ]----------------------------------------
[04/01/23 10:48 오전 ]----------------------------------------
[04/01/23 10:48 오전 ]Operating System: Windows
[04/01/23 10:48 오전 ]Current User: jin
[04/01/23 10:48 오전 ]System Registration Key: 7511039
[04/01/23 10:48 오전 ]User Lock: c:\users\jinjin
[04/01/23 10:48 오전 ]
[04/01/23 10:48 오전 ]----------------------------------------
[04/01/23 10:58 오전 ]----------------------------------------
[04/01/23 10:58 오전 ]Operating System: Windows
[04/01/23 10:58 오전 ]Current User: jin
[04/01/23 10:58 오전 ]System Registration Key: 7511039
[04/01/23 10:58 오전 ]User Lock: c:\users\jinjin
[04/01/23 10:58 오전 ]
[04/01/23 10:58 오전 ]----------------------------------------
[04/01/23 11:00 오전 ]----------------------------------------
[04/01/23 11:00 오전 ]Operating System: Windows
[04/01/23 11:00 오전 ]Current User: jin
[04/01/23 11:00 오전 ]System Registration Key: 7511039
[04/01/23 11:00 오전 ]User Lock: c:\users\jinjin
[04/01/23 11:00 오전 ]
[04/01/23 11:00 오전 ]----------------------------------------
[04/01/23 11:53 오전 ]----------------------------------------
[04/01/23 11:53 오전 ]Operating System: Windows
[04/01/23 11:53 오전 ]Current User: jin
[04/01/23 11:53 오전 ]System Registration Key: 7511039
[04/01/23 11:53 오전 ]User Lock: c:\users\jinjin
[04/01/23 11:53 오전 ]
[04/01/23 11:53 오전 ]----------------------------------------
[04/09/23 10:58 오전 ]----------------------------------------
[04/09/23 10:58 오전 ]Operating System: Windows
[04/09/23 10:58 오전 ]Current User: jin
[04/09/23 10:58 오전 ]System Registration Key: 7511039
[04/09/23 10:58 오전 ]User Lock: c:\users\jinjin
[04/09/23 10:58 오전 ]
[04/09/23 10:58 오전 ]----------------------------------------
[04/09/23 10:59 오전 ]----------------------------------------
[04/09/23 10:59 오전 ]Operating System: Windows
[04/09/23 10:59 오전 ]Current User: jin
[04/09/23 10:59 오전 ]System Registration Key: 7511039
[04/09/23 10:59 오전 ]User Lock: c:\users\jinjin
[04/09/23 10:59 오전 ]
[04/09/23 10:59 오전 ]----------------------------------------
[04/09/23 11:01 오전 ]----------------------------------------
[04/09/23 11:01 오전 ]Operating System: Windows
[04/09/23 11:01 오전 ]Current User: jin
[04/09/23 11:01 오전 ]System Registration Key: 7511039
[04/09/23 11:01 오전 ]User Lock: c:\users\jinjin
[04/09/23 11:01 오전 ]
[04/09/23 11:01 오전 ]----------------------------------------
[04/11/23 04:49 오후 ]----------------------------------------
[04/11/23 04:49 오후 ]Operating System: Windows
[04/11/23 04:49 오후 ]Current User: jin
[04/11/23 04:49 오후 ]System Registration Key: 7511039
[04/11/23 04:49 오후 ]User Lock: c:\users\jinjin
[04/11/23 04:49 오후 ]
[04/11/23 04:49 오후 ]----------------------------------------
[04/13/23 10:01 오후 ]----------------------------------------
[04/13/23 10:01 오후 ]Operating System: Windows
[04/13/23 10:01 오후 ]Current User: jin
[04/13/23 10:01 오후 ]System Registration Key: 7511039
[04/13/23 10:01 오후 ]User Lock: c:\users\jinjin
[04/13/23 10:01 오후 ]
[04/13/23 10:01 오후 ]----------------------------------------
[04/13/23 10:04 오후 ]----------------------------------------
[04/13/23 10:04 오후 ]Operating System: Windows
[04/13/23 10:04 오후 ]Current User: jin
[04/13/23 10:04 오후 ]System Registration Key: 7511039
[04/13/23 10:04 오후 ]User Lock: c:\users\jinjin
[04/13/23 10:04 오후 ]
[04/13/23 10:04 오후 ]----------------------------------------
[04/14/23 09:20 오후 ]----------------------------------------
[04/14/23 09:20 오후 ]Operating System: Windows
[04/14/23 09:20 오후 ]Current User: jin
[04/14/23 09:20 오후 ]System Registration Key: 7511039
[04/14/23 09:20 오후 ]User Lock: c:\users\jinjin
[04/14/23 09:20 오후 ]
[04/14/23 09:20 오후 ]----------------------------------------
[04/14/23 10:38 오후 ]----------------------------------------
[04/14/23 10:38 오후 ]Operating System: Windows
[04/14/23 10:38 오후 ]Current User: jin
[04/14/23 10:38 오후 ]System Registration Key: 7511039
[04/14/23 10:38 오후 ]User Lock: c:\users\jinjin
[04/14/23 10:38 오후 ]
[04/14/23 10:38 오후 ]----------------------------------------
[04/15/23 02:04 오후 ]----------------------------------------
[04/15/23 02:04 오후 ]Operating System: Windows
[04/15/23 02:04 오후 ]Current User: jin
[04/15/23 02:04 오후 ]System Registration Key: 7511039
[04/15/23 02:04 오후 ]User Lock: c:\users\jinjin
[04/15/23 02:04 오후 ]
[04/15/23 02:04 오후 ]----------------------------------------
[04/18/23 08:03 오전 ]----------------------------------------
[04/18/23 08:03 오전 ]Operating System: Windows
[04/18/23 08:03 오전 ]Current User: jin
[04/18/23 08:03 오전 ]System Registration Key: 7511039
[04/18/23 08:03 오전 ]User Lock: c:\users\jinjin
[04/18/23 08:03 오전 ]
[04/18/23 08:03 오전 ]----------------------------------------
[04/18/23 08:13 오전 ]----------------------------------------
[04/18/23 08:13 오전 ]Operating System: Windows
[04/18/23 08:13 오전 ]Current User: jin
[04/18/23 08:13 오전 ]System Registration Key: 7511039
[04/18/23 08:13 오전 ]User Lock: c:\users\jinjin
[04/18/23 08:13 오전 ]
[04/18/23 08:13 오전 ]----------------------------------------
[04/18/23 08:39 오전 ]----------------------------------------
[04/18/23 08:39 오전 ]Operating System: Windows
[04/18/23 08:39 오전 ]Current User: jin
[04/18/23 08:39 오전 ]System Registration Key: 7511039
[04/18/23 08:39 오전 ]User Lock: c:\users\jinjin
[04/18/23 08:39 오전 ]
[04/18/23 08:39 오전 ]----------------------------------------
[04/19/23 09:01 오후 ]----------------------------------------
[04/19/23 09:01 오후 ]Operating System: Windows
[04/19/23 09:01 오후 ]Current User: jin
[04/19/23 09:01 오후 ]System Registration Key: 7511039
[04/19/23 09:01 오후 ]User Lock: c:\users\jinjin
[04/19/23 09:01 오후 ]
[04/19/23 09:01 오후 ]----------------------------------------
[04/19/23 09:21 오후 ]----------------------------------------
[04/19/23 09:21 오후 ]Operating System: Windows
[04/19/23 09:21 오후 ]Current User: jin
[04/19/23 09:21 오후 ]System Registration Key: 7511039
[04/19/23 09:21 오후 ]User Lock: c:\users\jinjin
[04/19/23 09:21 오후 ]
[04/19/23 09:21 오후 ]----------------------------------------
[05/04/23 08:23 오후 ]----------------------------------------
[05/04/23 08:23 오후 ]Operating System: Windows
[05/04/23 08:23 오후 ]Current User: jin
[05/04/23 08:23 오후 ]System Registration Key: 7511039
[05/04/23 08:23 오후 ]User Lock: c:\users\jinjin
[05/04/23 08:23 오후 ]
[05/04/23 08:23 오후 ]----------------------------------------
[05/04/23 08:24 오후 ]----------------------------------------
[05/04/23 08:24 오후 ]Operating System: Windows
[05/04/23 08:24 오후 ]Current User: jin
[05/04/23 08:24 오후 ]System Registration Key: 7511039
[05/04/23 08:24 오후 ]User Lock: c:\users\jinjin
[05/04/23 08:24 오후 ]
[05/04/23 08:24 오후 ]----------------------------------------
[05/05/23 04:43 오후 ]----------------------------------------
[05/05/23 04:43 오후 ]Operating System: Windows
[05/05/23 04:43 오후 ]Current User: jin
[05/05/23 04:43 오후 ]System Registration Key: 7511039
[05/05/23 04:43 오후 ]User Lock: c:\users\jinjin
[05/05/23 04:43 오후 ]
[05/05/23 04:43 오후 ]----------------------------------------
[05/05/23 04:44 오후 ]----------------------------------------
[05/05/23 04:44 오후 ]Operating System: Windows
[05/05/23 04:44 오후 ]Current User: jin
[05/05/23 04:44 오후 ]System Registration Key: 7511039
[05/05/23 04:44 오후 ]User Lock: c:\users\jinjin
[05/05/23 04:44 오후 ]
[05/05/23 04:44 오후 ]----------------------------------------
[05/05/23 04:47 오후 ]----------------------------------------
[05/05/23 04:47 오후 ]Operating System: Windows
[05/05/23 04:47 오후 ]Current User: jin
[05/05/23 04:47 오후 ]System Registration Key: 7511039
[05/05/23 04:47 오후 ]User Lock: c:\users\jinjin
[05/05/23 04:47 오후 ]
[05/05/23 04:47 오후 ]----------------------------------------
[05/25/23 09:07 오후 ]----------------------------------------
[05/25/23 09:07 오후 ]Operating System: Windows
[05/25/23 09:07 오후 ]Current User: jin
[05/25/23 09:07 오후 ]System Registration Key: 7511039
[05/25/23 09:07 오후 ]User Lock: c:\users\jinjin
[05/25/23 09:07 오후 ]
[05/25/23 09:07 오후 ]----------------------------------------
[05/25/23 09:43 오후 ]----------------------------------------
[05/25/23 09:43 오후 ]Operating System: Windows
[05/25/23 09:43 오후 ]Current User: jin
[05/25/23 09:43 오후 ]System Registration Key: 7511039
[05/25/23 09:43 오후 ]User Lock: c:\users\jinjin
[05/25/23 09:43 오후 ]
[05/25/23 09:43 오후 ]----------------------------------------
[05/25/23 10:59 오후 ]----------------------------------------
[05/25/23 10:59 오후 ]Operating System: Windows
[05/25/23 10:59 오후 ]Current User: jin
[05/25/23 10:59 오후 ]System Registration Key: 7511039
[05/25/23 10:59 오후 ]User Lock: c:\users\jinjin
[05/25/23 10:59 오후 ]
[05/25/23 10:59 오후 ]----------------------------------------
[05/27/23 10:42 오전 ]----------------------------------------
[05/27/23 10:42 오전 ]Operating System: Windows
[05/27/23 10:42 오전 ]Current User: jin
[05/27/23 10:42 오전 ]System Registration Key: 7511039
[05/27/23 10:42 오전 ]User Lock: c:\users\jinjin
[05/27/23 10:42 오전 ]
[05/27/23 10:42 오전 ]----------------------------------------
[05/28/23 12:39 오후 ]----------------------------------------
[05/28/23 12:39 오후 ]Operating System: Windows
[05/28/23 12:39 오후 ]Current User: jin
[05/28/23 12:39 오후 ]System Registration Key: 7511039
[05/28/23 12:39 오후 ]User Lock: c:\users\jinjin
[05/28/23 12:39 오후 ]
[05/28/23 12:39 오후 ]----------------------------------------
[05/28/23 12:42 오후 ]----------------------------------------
[05/28/23 12:42 오후 ]Operating System: Windows
[05/28/23 12:42 오후 ]Current User: jin
[05/28/23 12:42 오후 ]System Registration Key: 7511039
[05/28/23 12:42 오후 ]User Lock: c:\users\jinjin
[05/28/23 12:42 오후 ]
[05/28/23 12:42 오후 ]----------------------------------------
[05/29/23 08:57 오전 ]----------------------------------------
[05/29/23 08:57 오전 ]Operating System: Windows
[05/29/23 08:57 오전 ]Current User: jin
[05/29/23 08:57 오전 ]System Registration Key: 7511039
[05/29/23 08:57 오전 ]User Lock: c:\users\jinjin
[05/29/23 08:57 오전 ]
[05/29/23 08:57 오전 ]----------------------------------------
[05/31/23 08:18 오후 ]----------------------------------------
[05/31/23 08:18 오후 ]Operating System: Windows
[05/31/23 08:18 오후 ]Current User: jin
[05/31/23 08:18 오후 ]System Registration Key: 7511039
[05/31/23 08:18 오후 ]User Lock: c:\users\jinjin
[05/31/23 08:18 오후 ]
[05/31/23 08:18 오후 ]----------------------------------------
[06/02/23 08:38 오후 ]----------------------------------------
[06/02/23 08:38 오후 ]Operating System: Windows
[06/02/23 08:38 오후 ]Current User: jin
[06/02/23 08:38 오후 ]System Registration Key: 7511039
[06/02/23 08:38 오후 ]User Lock: c:\users\jinjin
[06/02/23 08:38 오후 ]
[06/02/23 08:38 오후 ]----------------------------------------
[06/02/23 08:40 오후 ]----------------------------------------
[06/02/23 08:40 오후 ]Operating System: Windows
[06/02/23 08:40 오후 ]Current User: jin
[06/02/23 08:40 오후 ]System Registration Key: 7511039
[06/02/23 08:40 오후 ]User Lock: c:\users\jinjin
[06/02/23 08:40 오후 ]
[06/02/23 08:40 오후 ]----------------------------------------
